<?xml version="1.0" encoding="UTF-8"?>
<testsuite xmlns:xsi="http://www.w3.org/2001/XMLSchema-instance" xsi:noNamespaceSchemaLocation="https://maven.apache.org/surefire/maven-surefire-plugin/xsd/surefire-test-report.xsd" name="com.apbdoo.hrm.controller.FunctieControllerTest" time="23.476" tests="2" errors="0" skipped="0" failures="0">
  <properties>
[...]
</properties>
  <testcase name="list_ShouldAddFunctieEntriesToModelAndRenderFunctieListView" classname="com.apbdoo.hrm.controller.FunctieControllerTest" time="1.087"/>
  <testcase name="view_FunctieFound_ShouldAddFunctieEntryAndRenderFunctieView" classname="com.apbdoo.hrm.controller.FunctieControllerTest" time="0.303"/>
</testsuite>